d:\ra155_2019\mrkirm1\vezba 3 - okruzenje za realizaciju protokola - primer zadatka pop3\vs2015\pop3servercppunit\pop3clientcppunit\debug\vc140.pdb
d:\ra155_2019\mrkirm1\vezba 3 - okruzenje za realizaciju protokola - primer zadatka pop3\vs2015\pop3servercppunit\pop3clientcppunit\debug\vc140.idb
d:\ra155_2019\mrkirm1\vezba 3 - okruzenje za realizaciju protokola - primer zadatka pop3\vs2015\pop3servercppunit\pop3clientcppunit\debug\logautomate.obj
d:\ra155_2019\mrkirm1\vezba 3 - okruzenje za realizaciju protokola - primer zadatka pop3\vs2015\pop3servercppunit\pop3clientcppunit\debug\logfile.obj
d:\ra155_2019\mrkirm1\vezba 3 - okruzenje za realizaciju protokola - primer zadatka pop3\vs2015\pop3servercppunit\pop3clientcppunit\debug\mailbox.obj
d:\ra155_2019\mrkirm1\vezba 3 - okruzenje za realizaciju protokola - primer zadatka pop3\vs2015\pop3servercppunit\pop3clientcppunit\debug\messages.obj
d:\ra155_2019\mrkirm1\vezba 3 - okruzenje za realizaciju protokola - primer zadatka pop3\vs2015\pop3servercppunit\pop3clientcppunit\debug\msginterface.obj
d:\ra155_2019\mrkirm1\vezba 3 - okruzenje za realizaciju protokola - primer zadatka pop3\vs2015\pop3servercppunit\pop3clientcppunit\debug\netfsm.obj
d:\ra155_2019\mrkirm1\vezba 3 - okruzenje za realizaciju protokola - primer zadatka pop3\vs2015\pop3servercppunit\pop3clientcppunit\debug\postoffice.obj
d:\ra155_2019\mrkirm1\vezba 3 - okruzenje za realizaciju protokola - primer zadatka pop3\vs2015\pop3servercppunit\pop3clientcppunit\debug\standardmsg.obj
d:\ra155_2019\mrkirm1\vezba 3 - okruzenje za realizaciju protokola - primer zadatka pop3\vs2015\pop3servercppunit\pop3clientcppunit\debug\stdmsgpc16pl16.obj
d:\ra155_2019\mrkirm1\vezba 3 - okruzenje za realizaciju protokola - primer zadatka pop3\vs2015\pop3servercppunit\pop3clientcppunit\debug\systemfunctions.obj
d:\ra155_2019\mrkirm1\vezba 3 - okruzenje za realizaciju protokola - primer zadatka pop3\vs2015\pop3servercppunit\pop3clientcppunit\debug\systemtcp.obj
d:\ra155_2019\mrkirm1\vezba 3 - okruzenje za realizaciju protokola - primer zadatka pop3\vs2015\pop3servercppunit\pop3clientcppunit\debug\thread.obj
d:\ra155_2019\mrkirm1\vezba 3 - okruzenje za realizaciju protokola - primer zadatka pop3\vs2015\pop3servercppunit\pop3clientcppunit\debug\timer.obj
d:\ra155_2019\mrkirm1\vezba 3 - okruzenje za realizaciju protokola - primer zadatka pop3\vs2015\pop3servercppunit\pop3clientcppunit\debug\transportinterface.obj
d:\ra155_2019\mrkirm1\vezba 3 - okruzenje za realizaciju protokola - primer zadatka pop3\vs2015\pop3servercppunit\pop3clientcppunit\debug\udpfsm.obj
d:\ra155_2019\mrkirm1\vezba 3 - okruzenje za realizaciju protokola - primer zadatka pop3\vs2015\pop3servercppunit\pop3clientcppunit\debug\udploginterface.obj
d:\ra155_2019\mrkirm1\vezba 3 - okruzenje za realizaciju protokola - primer zadatka pop3\vs2015\pop3servercppunit\pop3clientcppunit\debug\run.obj
d:\ra155_2019\mrkirm1\vezba 3 - okruzenje za realizaciju protokola - primer zadatka pop3\vs2015\pop3servercppunit\pop3clientcppunit\debug\buffers.obj
d:\ra155_2019\mrkirm1\vezba 3 - okruzenje za realizaciju protokola - primer zadatka pop3\vs2015\pop3servercppunit\pop3clientcppunit\debug\buffersqueue.obj
d:\ra155_2019\mrkirm1\vezba 3 - okruzenje za realizaciju protokola - primer zadatka pop3\vs2015\pop3servercppunit\pop3clientcppunit\debug\client.obj
d:\ra155_2019\mrkirm1\vezba 3 - okruzenje za realizaciju protokola - primer zadatka pop3\vs2015\pop3servercppunit\pop3clientcppunit\debug\client_dtp.obj
d:\ra155_2019\mrkirm1\vezba 3 - okruzenje za realizaciju protokola - primer zadatka pop3\vs2015\pop3servercppunit\pop3clientcppunit\debug\distribution.obj
d:\ra155_2019\mrkirm1\vezba 3 - okruzenje za realizaciju protokola - primer zadatka pop3\vs2015\pop3servercppunit\pop3clientcppunit\debug\errorobject.obj
d:\ra155_2019\mrkirm1\vezba 3 - okruzenje za realizaciju protokola - primer zadatka pop3\vs2015\pop3servercppunit\pop3clientcppunit\debug\fsm.obj
d:\ra155_2019\mrkirm1\vezba 3 - okruzenje za realizaciju protokola - primer zadatka pop3\vs2015\pop3servercppunit\pop3clientcppunit\debug\fsmsystem.obj
d:\ra155_2019\mrkirm1\vezba 3 - okruzenje za realizaciju protokola - primer zadatka pop3\vs2015\pop3servercppunit\pop3clientcppunit\debug\kernelapi.obj
d:\ra155_2019\mrkirm1\vezba 3 - okruzenje za realizaciju protokola - primer zadatka pop3\vs2015\pop3servercppunit\pop3clientcppunit\debug\kernelfunctions.obj
d:\ra155_2019\mrkirm1\vezba 3 - okruzenje za realizaciju protokola - primer zadatka pop3\vs2015\pop3servercppunit\pop3clientcppunit\debug\linuxfunctions.obj
d:\ra155_2019\mrkirm1\vezba 3 - okruzenje za realizaciju protokola - primer zadatka pop3\vs2015\pop3servercppunit\pop3clientcppunit\debug\chauto.obj
d:\ra155_2019\mrkirm1\vezba 3 - okruzenje za realizaciju protokola - primer zadatka pop3\vs2015\pop3servercppunit\pop3clientcppunit\debug\userauto.obj
d:\ra155_2019\mrkirm1\vezba 3 - okruzenje za realizaciju protokola - primer zadatka pop3\vs2015\pop3servercppunit\pop3clientcppunit\debug\pop3serv.ae193e9b.tlog\cl.command.1.tlog
d:\ra155_2019\mrkirm1\vezba 3 - okruzenje za realizaciju protokola - primer zadatka pop3\vs2015\pop3servercppunit\pop3clientcppunit\debug\pop3serv.ae193e9b.tlog\cl.read.1.tlog
d:\ra155_2019\mrkirm1\vezba 3 - okruzenje za realizaciju protokola - primer zadatka pop3\vs2015\pop3servercppunit\pop3clientcppunit\debug\pop3serv.ae193e9b.tlog\cl.write.1.tlog
